Using pre-set license
Built from '2021.3/staging' branch; Version is '2021.3.11f1 (0a5ca18544bf) revision 679073'; Using compiler version '192829333'; Build Type 'Release'
OS: 'Windows 10  (10.0.19044) 64bit Professional' Language: 'en' Physical Memory: 8107 MB
BatchMode: 1, IsHumanControllingUs: 0, StartBugReporterOnCrash: 0, Is64bit: 1, IsPro: 1

COMMAND LINE ARGUMENTS:
B:\Unity\2021.3.11f1\Editor\Unity.exe
-adb2
-batchMode
-noUpm
-name
AssetImportWorker12
-projectPath
B:/My Unity Projects/First prototype/BalancedGame/BalanceGame
-logFile
Logs/AssetImportWorker12.log
-srvPort
63972
Successfully changed project path to: B:/My Unity Projects/First prototype/BalancedGame/BalanceGame
B:/My Unity Projects/First prototype/BalancedGame/BalanceGame
[UnityMemory] Configuration Parameters - Can be set up in boot.config
    "memorysetup-bucket-allocator-granularity=16"
    "memorysetup-bucket-allocator-bucket-count=8"
    "memorysetup-bucket-allocator-block-size=33554432"
    "memorysetup-bucket-allocator-block-count=8"
    "memorysetup-main-allocator-block-size=16777216"
    "memorysetup-thread-allocator-block-size=16777216"
    "memorysetup-gfx-main-allocator-block-size=16777216"
    "memorysetup-gfx-thread-allocator-block-size=16777216"
    "memorysetup-cache-allocator-block-size=4194304"
    "memorysetup-typetree-allocator-block-size=2097152"
    "memorysetup-profiler-bucket-allocator-granularity=16"
    "memorysetup-profiler-bucket-allocator-bucket-count=8"
    "memorysetup-profiler-bucket-allocator-block-size=33554432"
    "memorysetup-profiler-bucket-allocator-block-count=8"
    "memorysetup-profiler-allocator-block-size=16777216"
    "memorysetup-profiler-editor-allocator-block-size=1048576"
    "memorysetup-temp-allocator-size-main=16777216"
    "memorysetup-job-temp-allocator-block-size=2097152"
    "memorysetup-job-temp-allocator-block-size-background=1048576"
    "memorysetup-job-temp-allocator-reduction-small-platforms=262144"
    "memorysetup-temp-allocator-size-background-worker=32768"
    "memorysetup-temp-allocator-size-job-worker=262144"
    "memorysetup-temp-allocator-size-preload-manager=33554432"
    "memorysetup-temp-allocator-size-nav-mesh-worker=65536"
    "memorysetup-temp-allocator-size-audio-worker=65536"
    "memorysetup-temp-allocator-size-cloud-worker=32768"
    "memorysetup-temp-allocator-size-gi-baking-worker=262144"
    "memorysetup-temp-allocator-size-gfx=262144"
Refreshing native plugins compatible for Editor in 158.47 ms, found 3 plugins.
Preloading 0 native plugins for Editor in 0.00 ms.
Initialize engine version: 2021.3.11f1 (0a5ca18544bf)
[Subsystems] Discovering subsystems at path B:/Unity/2021.3.11f1/Editor/Data/Resources/UnitySubsystems
[Subsystems] Discovering subsystems at path B:/My Unity Projects/First prototype/BalancedGame/BalanceGame/Assets
GfxDevice: creating device client; threaded=0; jobified=0
Direct3D:
    Version:  Direct3D 11.0 [level 11.1]
    Renderer: NVIDIA GeForce GT 1030 (ID=0x1d01)
    Vendor:   NVIDIA
    VRAM:     1982 MB
    Driver:   31.0.15.1659
Initialize mono
Mono path[0] = 'B:/Unity/2021.3.11f1/Editor/Data/Managed'
Mono path[1] = 'B:/Unity/2021.3.11f1/Editor/Data/MonoBleedingEdge/lib/mono/unityjit-win32'
Mono config path = 'B:/Unity/2021.3.11f1/Editor/Data/MonoBleedingEdge/etc'
Using monoOptions --debugger-agent=transport=dt_socket,embedding=1,server=y,suspend=n,address=127.0.0.1:56024
Begin MonoManager ReloadAssembly
Registering precompiled unity dll's ...
Register platform support module: B:/Unity/2021.3.11f1/Editor/Data/PlaybackEngines/WindowsStandaloneSupport/UnityEditor.WindowsStandalone.Extensions.dll
Register platform support module: B:/Unity/2021.3.11f1/Editor/Data/PlaybackEngines/MetroSupport/UnityEditor.UWP.Extensions.dll
Registered in 0.007983 seconds.
Native extension for UWP target not found
Native extension for WindowsStandalone target not found
Refreshing native plugins compatible for Editor in 164.09 ms, found 3 plugins.
Preloading 0 native plugins for Editor in 0.00 ms.
Mono: successfully reloaded assembly
- Completed reload, in  1.160 seconds
Domain Reload Profiling:
	ReloadAssembly (1162ms)
		BeginReloadAssembly (138ms)
			ExecutionOrderSort (0ms)
			DisableScriptedObjects (0ms)
			BackupInstance (0ms)
			ReleaseScriptingObjects (0ms)
			CreateAndSetChildDomain (1ms)
		EndReloadAssembly (843ms)
			LoadAssemblies (137ms)
			RebuildTransferFunctionScriptingTraits (0ms)
			SetupTypeCache (182ms)
			ReleaseScriptCaches (0ms)
			RebuildScriptCaches (49ms)
			SetupLoadedEditorAssemblies (526ms)
				LogAssemblyErrors (0ms)
				InitializePlatformSupportModulesInManaged (13ms)
				SetLoadedEditorAssemblies (0ms)
				RefreshPlugins (164ms)
				BeforeProcessingInitializeOnLoad (2ms)
				ProcessInitializeOnLoadAttributes (255ms)
				ProcessInitializeOnLoadMethodAttributes (91ms)
				AfterProcessingInitializeOnLoad (0ms)
				EditorAssembliesLoaded (0ms)
			ExecutionOrderSort2 (0ms)
			AwakeInstancesAfterBackupRestoration (0ms)
Platform modules already initialized, skipping
Registering precompiled user dll's ...
Registered in 0.015160 seconds.
Begin MonoManager ReloadAssembly
Symbol file LoadedFromMemory doesn't match image B:\My Unity Projects\First prototype\BalancedGame\BalanceGame\Library\PackageCache\com.unity.visualscripting@1.7.8\Editor\VisualScripting.Core\Dependencies\YamlDotNet\Unity.VisualScripting.YamlDotNet.dll
Symbol file LoadedFromMemory doesn't match image B:\My Unity Projects\First prototype\BalancedGame\BalanceGame\Library\PackageCache\com.unity.visualscripting@1.7.8\Editor\VisualScripting.Core\Dependencies\DotNetZip\Unity.VisualScripting.IonicZip.dll
Native extension for UWP target not found
Native extension for WindowsStandalone target not found
Refreshing native plugins compatible for Editor in 447.72 ms, found 3 plugins.
Preloading 0 native plugins for Editor in 0.00 ms.
Mono: successfully reloaded assembly
- Completed reload, in  5.122 seconds
Domain Reload Profiling:
	ReloadAssembly (5124ms)
		BeginReloadAssembly (449ms)
			ExecutionOrderSort (0ms)
			DisableScriptedObjects (17ms)
			BackupInstance (0ms)
			ReleaseScriptingObjects (0ms)
			CreateAndSetChildDomain (56ms)
		EndReloadAssembly (4269ms)
			LoadAssemblies (1004ms)
			RebuildTransferFunctionScriptingTraits (0ms)
			SetupTypeCache (1223ms)
			ReleaseScriptCaches (1ms)
			RebuildScriptCaches (191ms)
			SetupLoadedEditorAssemblies (1828ms)
				LogAssemblyErrors (0ms)
				InitializePlatformSupportModulesInManaged (17ms)
				SetLoadedEditorAssemblies (0ms)
				RefreshPlugins (448ms)
				BeforeProcessingInitializeOnLoad (283ms)
				ProcessInitializeOnLoadAttributes (749ms)
				ProcessInitializeOnLoadMethodAttributes (319ms)
				AfterProcessingInitializeOnLoad (11ms)
				EditorAssembliesLoaded (1ms)
			ExecutionOrderSort2 (0ms)
			AwakeInstancesAfterBackupRestoration (20ms)
Platform modules already initialized, skipping
========================================================================
Worker process is ready to serve import requests
Launched and connected shader compiler UnityShaderCompiler.exe after 0.67 seconds
Refreshing native plugins compatible for Editor in 1.44 ms, found 3 plugins.
Preloading 0 native plugins for Editor in 0.00 ms.
Unloading 5168 Unused Serialized files (Serialized files now loaded: 0)
Unloading 35 unused Assets / (0.7 MB). Loaded Objects now: 5618.
Memory consumption went from 201.1 MB to 200.3 MB.
Total: 10.085600 ms (FindLiveObjects: 0.695800 ms CreateObjectMapping: 0.720500 ms MarkObjects: 8.077700 ms  DeleteObjects: 0.588000 ms)

AssetImportParameters requested are different than current active one (requested -> active):
  custom:video-decoder-ogg-theora: a1e56fd34408186e4bbccfd4996cb3dc -> 
  custom:container-muxer-webm: aa71ff27fc2769a1b78a27578f13a17b -> 
  custom:container-demuxer-webm: 4f35f7cbe854078d1ac9338744f61a02 -> 
  custom:video-encoder-webm-vp8: eb34c28f22e8b96e1ab97ce403110664 -> 
  custom:audio-encoder-webm-vorbis: bf7c407c2cedff20999df2af8eb42d56 -> 
  custom:framework-win-MediaFoundation: 216162199b28c13a410421893ffa2e32 -> 
  custom:container-demuxer-ogg: 62fdf1f143b41e24485cea50d1cbac27 -> 
  custom:video-decoder-webm-vp8: 9c59270c3fd7afecdb556c50c9e8de78 -> 
  custom:audio-decoder-ogg-vorbis: bf7c407c2cedff20999df2af8eb42d56 -> 
========================================================================
Received Import Request.
  Time since last request: 295907.686148 seconds.
  path: Assets/Menu Assets/Segoe-Print-Font SDF.asset
  artifactKey: Guid(3af207397348e2a45a5ea0719d8bb6ef) Importer(815301076,1909f56bfc062723c751e8b465ee728b)
Start importing Assets/Menu Assets/Segoe-Print-Font SDF.asset using Guid(3af207397348e2a45a5ea0719d8bb6ef) Importer(815301076,1909f56bfc062723c751e8b465ee728b)  -> (artifact id: '48f51e4826103d21249aea27f914483b') in 1.555384 seconds 
========================================================================
Received Import Request.
  Time since last request: 1579.871353 seconds.
  path: Assets/Scenes
  artifactKey: Guid(6ea315d0fd7389c41b19996891e99ae3) Importer(815301076,1909f56bfc062723c751e8b465ee728b)
Start importing Assets/Scenes using Guid(6ea315d0fd7389c41b19996891e99ae3) Importer(815301076,1909f56bfc062723c751e8b465ee728b)  -> (artifact id: 'b8193726cff86800c54781cdc6d54904') in 0.228850 seconds 
========================================================================
Received Import Request.
  Time since last request: 24.305998 seconds.
  path: Assets/Scenes/MenuScene.unity
  artifactKey: Guid(6d5a010b78f87ae4d920061c36d9b68c) Importer(815301076,1909f56bfc062723c751e8b465ee728b)
Start importing Assets/Scenes/MenuScene.unity using Guid(6d5a010b78f87ae4d920061c36d9b68c) Importer(815301076,1909f56bfc062723c751e8b465ee728b)  -> (artifact id: '7b605e6aa9c8bc48a3cc19d8df37e674') in 0.020320 seconds 
========================================================================
Received Import Request.
  Time since last request: 1628.520935 seconds.
  path: Assets/Menu Assets/MenuScript.cs
  artifactKey: Guid(00be7926a3a6de641ac46acdde278cd6) Importer(815301076,1909f56bfc062723c751e8b465ee728b)
Start importing Assets/Menu Assets/MenuScript.cs using Guid(00be7926a3a6de641ac46acdde278cd6) Importer(815301076,1909f56bfc062723c751e8b465ee728b)  -> (artifact id: '347a51e2cb0836e19c4c5042c233e13d') in 1.553476 seconds 
========================================================================
Received Import Request.
  Time since last request: 105.622808 seconds.
  path: Assets/Menu Assets/Segoe-Print-Font SDF.asset
  artifactKey: Guid(3af207397348e2a45a5ea0719d8bb6ef) Importer(815301076,1909f56bfc062723c751e8b465ee728b)
Start importing Assets/Menu Assets/Segoe-Print-Font SDF.asset using Guid(3af207397348e2a45a5ea0719d8bb6ef) Importer(815301076,1909f56bfc062723c751e8b465ee728b)  -> (artifact id: '3e3f804690a1f0141080688550ce6eb3') in 27.779740 seconds 
========================================================================
Received Import Request.
  Time since last request: 281.665842 seconds.
  path: Assets/UI Assets/SpriteSheet.png
  artifactKey: Guid(ec82054eff366ea42aaba1ba68c379f8) Importer(815301076,1909f56bfc062723c751e8b465ee728b)
Start importing Assets/UI Assets/SpriteSheet.png using Guid(ec82054eff366ea42aaba1ba68c379f8) Importer(815301076,1909f56bfc062723c751e8b465ee728b)  -> (artifact id: 'e7c56aa949f1de6e40be4ae8492292d3') in 13.312497 seconds 
========================================================================
Received Import Request.
  Time since last request: 26.949981 seconds.
  path: Assets/UI Assets/SpriteSheet.png
  artifactKey: Guid(ec82054eff366ea42aaba1ba68c379f8) Importer(815301076,1909f56bfc062723c751e8b465ee728b)
Start importing Assets/UI Assets/SpriteSheet.png using Guid(ec82054eff366ea42aaba1ba68c379f8) Importer(815301076,1909f56bfc062723c751e8b465ee728b)  -> (artifact id: '81d853fac89529326978b232691558a1') in 0.392603 seconds 
========================================================================
Received Import Request.
  Time since last request: 55.543783 seconds.
  path: Assets/UI Assets/SpriteSheet.png
  artifactKey: Guid(ec82054eff366ea42aaba1ba68c379f8) Importer(815301076,1909f56bfc062723c751e8b465ee728b)
Start importing Assets/UI Assets/SpriteSheet.png using Guid(ec82054eff366ea42aaba1ba68c379f8) Importer(815301076,1909f56bfc062723c751e8b465ee728b)  -> (artifact id: 'af963f7880d36cda3efbff705a000a6a') in 0.249189 seconds 
========================================================================
Received Import Request.
  Time since last request: 13.881759 seconds.
  path: Assets/UI Assets/SpriteSheet.png
  artifactKey: Guid(ec82054eff366ea42aaba1ba68c379f8) Importer(815301076,1909f56bfc062723c751e8b465ee728b)
Start importing Assets/UI Assets/SpriteSheet.png using Guid(ec82054eff366ea42aaba1ba68c379f8) Importer(815301076,1909f56bfc062723c751e8b465ee728b)  -> (artifact id: '1319dec0e53d6b8d4fe6ce768cd8331a') in 13.883680 seconds 
========================================================================
Received Import Request.
  Time since last request: 320.906296 seconds.
  path: Assets/Menu Assets/MenuScript.cs
  artifactKey: Guid(00be7926a3a6de641ac46acdde278cd6) Importer(815301076,1909f56bfc062723c751e8b465ee728b)
Start importing Assets/Menu Assets/MenuScript.cs using Guid(00be7926a3a6de641ac46acdde278cd6) Importer(815301076,1909f56bfc062723c751e8b465ee728b)  -> (artifact id: 'a451508fb5b27b50a63672178a56b333') in 0.017236 seconds 
