Using pre-set license
Built from '2020.3/staging' branch; Version is '2020.3.19f1 (68f137dc9bbe) revision 6877495'; Using compiler version '192528614'; Build Type 'Release'
OS: 'Windows 10 Pro; OS build 22621.1105; Version 2009; 64bit' Language: 'en' Physical Memory: 8104 MB
BatchMode: 1, IsHumanControllingUs: 0, StartBugReporterOnCrash: 0, Is64bit: 1, IsPro: 0

COMMAND LINE ARGUMENTS:
C:\Program Files\Unity\Hub\Editor\2020.3.19f1\Editor\Unity.exe
-adb2
-batchMode
-noUpm
-name
AssetImportWorker0
-projectPath
C:/Users/Student/OneDrive - University of Greenwich/Year 3/Advance Games and design development/BalancedGame/BalanceGame
-logFile
Logs/AssetImportWorker0.log
-srvPort
56002
Successfully changed project path to: C:/Users/Student/OneDrive - University of Greenwich/Year 3/Advance Games and design development/BalancedGame/BalanceGame
C:/Users/Student/OneDrive - University of Greenwich/Year 3/Advance Games and design development/BalancedGame/BalanceGame
Using Asset Import Pipeline V2.
Refreshing native plugins compatible for Editor in 243.33 ms, found 3 plugins.
Preloading 0 native plugins for Editor in 0.00 ms.
Initialize engine version: 2020.3.19f1 (68f137dc9bbe)
[Subsystems] Discovering subsystems at path C:/Program Files/Unity/Hub/Editor/2020.3.19f1/Editor/Data/Resources/UnitySubsystems
[Subsystems] Discovering subsystems at path C:/Users/Student/OneDrive - University of Greenwich/Year 3/Advance Games and design development/BalancedGame/BalanceGame/Assets
GfxDevice: creating device client; threaded=0
Direct3D:
    Version:  Direct3D 11.0 [level 11.1]
    Renderer: Intel(R) UHD Graphics 620 (ID=0x5917)
    Vendor:   
    VRAM:     4052 MB
    Driver:   26.20.100.7926
Initialize mono
Mono path[0] = 'C:/Program Files/Unity/Hub/Editor/2020.3.19f1/Editor/Data/Managed'
Mono path[1] = 'C:/Program Files/Unity/Hub/Editor/2020.3.19f1/Editor/Data/MonoBleedingEdge/lib/mono/unityjit'
Mono config path = 'C:/Program Files/Unity/Hub/Editor/2020.3.19f1/Editor/Data/MonoBleedingEdge/etc'
Using monoOptions --debugger-agent=transport=dt_socket,embedding=1,server=y,suspend=n,address=127.0.0.1:56556
Begin MonoManager ReloadAssembly
Registering precompiled unity dll's ...
Register platform support module: C:/Program Files/Unity/Hub/Editor/2020.3.19f1/Editor/Data/PlaybackEngines/WindowsStandaloneSupport/UnityEditor.WindowsStandalone.Extensions.dll
Registered in 0.013239 seconds.
Native extension for WindowsStandalone target not found
Refreshing native plugins compatible for Editor in 209.90 ms, found 3 plugins.
Preloading 0 native plugins for Editor in 0.00 ms.
Mono: successfully reloaded assembly
- Completed reload, in 13.381 seconds
Domain Reload Profiling:
	ReloadAssembly (13382ms)
		BeginReloadAssembly (127ms)
			ExecutionOrderSort (0ms)
			DisableScriptedObjects (0ms)
			BackupInstance (0ms)
			ReleaseScriptingObjects (0ms)
			CreateAndSetChildDomain (2ms)
		EndReloadAssembly (1556ms)
			LoadAssemblies (122ms)
			RebuildTransferFunctionScriptingTraits (0ms)
			SetupTypeCache (682ms)
			ReleaseScriptCaches (0ms)
			RebuildScriptCaches (90ms)
			SetupLoadedEditorAssemblies (568ms)
				LogAssemblyErrors (0ms)
				InitializePlatformSupportModulesInManaged (10ms)
				SetLoadedEditorAssemblies (1ms)
				RefreshPlugins (210ms)
				BeforeProcessingInitializeOnLoad (45ms)
				ProcessInitializeOnLoadAttributes (211ms)
				ProcessInitializeOnLoadMethodAttributes (91ms)
				AfterProcessingInitializeOnLoad (0ms)
				EditorAssembliesLoaded (1ms)
			ExecutionOrderSort2 (0ms)
			AwakeInstancesAfterBackupRestoration (0ms)
Platform modules already initialized, skipping
Registering precompiled user dll's ...
Registered in 0.058140 seconds.
Begin MonoManager ReloadAssembly
Native extension for WindowsStandalone target not found
Refreshing native plugins compatible for Editor in 1.06 ms, found 3 plugins.
Preloading 0 native plugins for Editor in 0.00 ms.
Mono: successfully reloaded assembly
- Completed reload, in  3.584 seconds
Domain Reload Profiling:
	ReloadAssembly (3586ms)
		BeginReloadAssembly (504ms)
			ExecutionOrderSort (0ms)
			DisableScriptedObjects (26ms)
			BackupInstance (0ms)
			ReleaseScriptingObjects (0ms)
			CreateAndSetChildDomain (54ms)
		EndReloadAssembly (2932ms)
			LoadAssemblies (429ms)
			RebuildTransferFunctionScriptingTraits (0ms)
			SetupTypeCache (1045ms)
			ReleaseScriptCaches (1ms)
			RebuildScriptCaches (114ms)
			SetupLoadedEditorAssemblies (1122ms)
				LogAssemblyErrors (0ms)
				InitializePlatformSupportModulesInManaged (13ms)
				SetLoadedEditorAssemblies (1ms)
				RefreshPlugins (1ms)
				BeforeProcessingInitializeOnLoad (391ms)
				ProcessInitializeOnLoadAttributes (657ms)
				ProcessInitializeOnLoadMethodAttributes (30ms)
				AfterProcessingInitializeOnLoad (27ms)
				EditorAssembliesLoaded (1ms)
			ExecutionOrderSort2 (0ms)
			AwakeInstancesAfterBackupRestoration (22ms)
Platform modules already initialized, skipping
========================================================================
Worker process is ready to serve import requests
Launched and connected shader compiler UnityShaderCompiler.exe after 0.23 seconds
Refreshing native plugins compatible for Editor in 1.02 ms, found 3 plugins.
Preloading 0 native plugins for Editor in 0.00 ms.
Unloading 3194 Unused Serialized files (Serialized files now loaded: 0)
System memory in use before: 113.7 MB.
System memory in use after: 113.9 MB.

Unloading 21 unused Assets to reduce memory usage. Loaded Objects now: 3626.
Total: 4.896000 ms (FindLiveObjects: 0.435600 ms CreateObjectMapping: 0.336000 ms MarkObjects: 3.989600 ms  DeleteObjects: 0.132600 ms)

AssetImportParameters requested are different than current active one (requested -> active):
  custom:framework-win-MediaFoundation: 216162199b28c13a410421893ffa2e32 -> 
  custom:video-decoder-ogg-theora: a1e56fd34408186e4bbccfd4996cb3dc -> 
  custom:container-muxer-webm: aa71ff27fc2769a1b78a27578f13a17b -> 
  custom:container-demuxer-webm: 4f35f7cbe854078d1ac9338744f61a02 -> 
  custom:container-demuxer-ogg: 62fdf1f143b41e24485cea50d1cbac27 -> 
  custom:video-encoder-webm-vp8: eb34c28f22e8b96e1ab97ce403110664 -> 
  custom:video-decoder-webm-vp8: 9c59270c3fd7afecdb556c50c9e8de78 -> 
  custom:audio-decoder-ogg-vorbis: bf7c407c2cedff20999df2af8eb42d56 -> 
  custom:audio-encoder-webm-vorbis: bf7c407c2cedff20999df2af8eb42d56 -> 
========================================================================
Received Import Request.
  path: Assets/New Terrain.asset
  artifactKey: Guid(7f55fd491fba09b4ead5539b643b206d) Importer(815301076,1909f56bfc062723c751e8b465ee728b)
Start importing Assets/New Terrain.asset using Guid(7f55fd491fba09b4ead5539b643b206d) Importer(815301076,1909f56bfc062723c751e8b465ee728b)  -> (artifact id: 'b9ae994a508a2da312d07f10a9ee36a1') in 0.143868 seconds 
  Import took 0.158887 seconds .

========================================================================
Received Import Request.
  Time since last request: 107.680751 seconds.
  path: Assets/Scripts
  artifactKey: Guid(632d32620ae5ac6429ddd297687e2648) Importer(815301076,1909f56bfc062723c751e8b465ee728b)
Start importing Assets/Scripts using Guid(632d32620ae5ac6429ddd297687e2648) Importer(815301076,1909f56bfc062723c751e8b465ee728b)  -> (artifact id: '0ffd919b4954b2e48c3f145643718e20') in 0.032487 seconds 
  Import took 0.102659 seconds .

========================================================================
Received Import Request.
  Time since last request: 8.387344 seconds.
  path: Assets/Scripts/Guts
  artifactKey: Guid(ea916461310808843b6eb612071c467a) Importer(815301076,1909f56bfc062723c751e8b465ee728b)
Start importing Assets/Scripts/Guts using Guid(ea916461310808843b6eb612071c467a) Importer(815301076,1909f56bfc062723c751e8b465ee728b)  -> (artifact id: '9526933e4d0f7051ad19c403edb1f898') in 0.053542 seconds 
  Import took 0.071395 seconds .

========================================================================
Received Import Request.
  Time since last request: 31.013805 seconds.
  path: Assets/Scripts/HidingSpot.cs
  artifactKey: Guid(08486808f16a67341bb1cdcdd8dd479d) Importer(815301076,1909f56bfc062723c751e8b465ee728b)
Start importing Assets/Scripts/HidingSpot.cs using Guid(08486808f16a67341bb1cdcdd8dd479d) Importer(815301076,1909f56bfc062723c751e8b465ee728b)  -> (artifact id: 'f375e544578e3d77ee888b840f4646cb') in 0.150863 seconds 
  Import took 0.170157 seconds .

========================================================================
Received Import Request.
  Time since last request: 1.372224 seconds.
  path: Assets/Scripts/FoxAI.cs
  artifactKey: Guid(46f14076bfdd54f4b9446670524347b8) Importer(815301076,1909f56bfc062723c751e8b465ee728b)
Start importing Assets/Scripts/FoxAI.cs using Guid(46f14076bfdd54f4b9446670524347b8) Importer(815301076,1909f56bfc062723c751e8b465ee728b)  -> (artifact id: 'a1ac2594b0f49d22de9a8b49f6e0ebbf') in 0.017054 seconds 
  Import took 0.037846 seconds .

========================================================================
Received Import Request.
  Time since last request: 4.352468 seconds.
  path: Assets/Scripts/RabbitAI.cs
  artifactKey: Guid(cccc706d8374a57429bcd5d19e9f5019) Importer(815301076,1909f56bfc062723c751e8b465ee728b)
Start importing Assets/Scripts/RabbitAI.cs using Guid(cccc706d8374a57429bcd5d19e9f5019) Importer(815301076,1909f56bfc062723c751e8b465ee728b)  -> (artifact id: 'ca06a1adbd597f8d210805f109ace956') in 0.076298 seconds 
  Import took 0.112181 seconds .

AssetImportWorkerClient::OnTransportError - code=2 error=End of file
